<?xml version="1.0" encoding="UTF-8"?>
<testng-results ignored="0" total="3" passed="0" failed="3" skipped="0">
  <reporter-output>
  </reporter-output>
  <suite started-at="2023-10-18T14:48:18 EDT" name="Suite Practice" finished-at="2023-10-18T14:52:22 EDT" duration-ms="243754">
    <groups>
    </groups>
    <test started-at="2023-10-18T14:48:18 EDT" name="Test Practice" finished-at="2023-10-18T14:52:22 EDT" duration-ms="243754">
      <class name="com.neotech.testcases.PracticeAddEmployee">
        <test-method is-config="true" signature="generateReport()[pri:0, instance:com.neotech.testcases.PracticeAddEmployee@5827af16]" started-at="2023-10-18T14:48:18 EDT" name="generateReport" finished-at="2023-10-18T14:48:19 EDT" duration-ms="266" status="PASS">
          <reporter-output>
          </reporter-output>
        </test-method> <!-- generateReport -->
        <test-method is-config="true" signature="setUp()[pri:0, instance:com.neotech.testcases.PracticeAddEmployee@5827af16]" started-at="2023-10-18T14:48:19 EDT" name="setUp" finished-at="2023-10-18T14:48:30 EDT" duration-ms="10620" status="PASS">
          <reporter-output>
          </reporter-output>
        </test-method> <!-- setUp -->
        <test-method signature="TestOrangeHRM(java.lang.String,java.lang.String,java.lang.String,java.lang.String)[pri:0, instance:com.neotech.testcases.PracticeAddEmployee@5827af16]" started-at="2023-10-18T14:48:30 EDT" name="TestOrangeHRM" data-provider="excelData" finished-at="2023-10-18T14:49:39 EDT" duration-ms="69307" status="FAIL">
          <params>
            <param index="0">
              <value>
                <![CDATA[John]]>
              </value>
            </param>
            <param index="1">
              <value>
                <![CDATA[Smith]]>
              </value>
            </param>
            <param index="2">
              <value>
                <![CDATA[john2022]]>
              </value>
            </param>
            <param index="3">
              <value>
                <![CDATA[Secret@123]]>
              </value>
            </param>
          </params>
          <exception class="java.lang.AssertionError">
            <message>
              <![CDATA[0168 expected:<0168> but was:< Name is not mach.>]]>
            </message>
            <full-stacktrace>
              <![CDATA[java.lang.AssertionError: 0168 expected:<0168> but was:< Name is not mach.>
at org.testng.AssertJUnit.assertEquals(AssertJUnit.java:115)
at com.neotech.testcases.PracticeAddEmployee.TestOrangeHRM(PracticeAddEmployee.java:43)
at java.base/jdk.internal.reflect.NativeMethodAccessorImpl.invoke0(Native Method)
at java.base/jdk.internal.reflect.NativeMethodAccessorImpl.invoke(NativeMethodAccessorImpl.java:77)
at java.base/jdk.internal.reflect.DelegatingMethodAccessorImpl.invoke(DelegatingMethodAccessorImpl.java:43)
at java.base/java.lang.reflect.Method.invoke(Method.java:568)
at org.testng.internal.invokers.MethodInvocationHelper.invokeMethod(MethodInvocationHelper.java:139)
at org.testng.internal.invokers.TestInvoker.invokeMethod(TestInvoker.java:664)
at org.testng.internal.invokers.TestInvoker.invokeTestMethod(TestInvoker.java:227)
at org.testng.internal.invokers.MethodRunner.runInSequence(MethodRunner.java:50)
at org.testng.internal.invokers.TestInvoker$MethodInvocationAgent.invoke(TestInvoker.java:957)
at org.testng.internal.invokers.TestInvoker.invokeTestMethods(TestInvoker.java:200)
at org.testng.internal.invokers.TestMethodWorker.invokeTestMethods(TestMethodWorker.java:148)
at org.testng.internal.invokers.TestMethodWorker.run(TestMethodWorker.java:128)
at java.base/java.util.ArrayList.forEach(ArrayList.java:1511)
at org.testng.TestRunner.privateRun(TestRunner.java:848)
at org.testng.TestRunner.run(TestRunner.java:621)
at org.testng.SuiteRunner.runTest(SuiteRunner.java:443)
at org.testng.SuiteRunner.runSequentially(SuiteRunner.java:437)
at org.testng.SuiteRunner.privateRun(SuiteRunner.java:397)
at org.testng.SuiteRunner.run(SuiteRunner.java:336)
at org.testng.SuiteRunnerWorker.runSuite(SuiteRunnerWorker.java:52)
at org.testng.SuiteRunnerWorker.run(SuiteRunnerWorker.java:95)
at org.testng.TestNG.runSuitesSequentially(TestNG.java:1280)
at org.testng.TestNG.runSuitesLocally(TestNG.java:1200)
at org.testng.TestNG.runSuites(TestNG.java:1114)
at org.testng.TestNG.run(TestNG.java:1082)
at org.testng.remote.AbstractRemoteTestNG.run(AbstractRemoteTestNG.java:115)
at org.testng.remote.RemoteTestNG.initAndRun(RemoteTestNG.java:251)
at org.testng.remote.RemoteTestNG.main(RemoteTestNG.java:77)
]]>
            </full-stacktrace>
          </exception> <!-- java.lang.AssertionError -->
          <reporter-output>
          </reporter-output>
        </test-method> <!-- TestOrangeHRM -->
        <test-method is-config="true" signature="tearDown()[pri:0, instance:com.neotech.testcases.PracticeAddEmployee@5827af16]" started-at="2023-10-18T14:49:39 EDT" name="tearDown" finished-at="2023-10-18T14:49:39 EDT" duration-ms="120" status="PASS">
          <reporter-output>
          </reporter-output>
        </test-method> <!-- tearDown -->
        <test-method is-config="true" signature="setUp()[pri:0, instance:com.neotech.testcases.PracticeAddEmployee@5827af16]" started-at="2023-10-18T14:49:39 EDT" name="setUp" finished-at="2023-10-18T14:49:49 EDT" duration-ms="9270" status="PASS">
          <reporter-output>
          </reporter-output>
        </test-method> <!-- setUp -->
        <test-method signature="TestOrangeHRM(java.lang.String,java.lang.String,java.lang.String,java.lang.String)[pri:0, instance:com.neotech.testcases.PracticeAddEmployee@5827af16]" started-at="2023-10-18T14:49:49 EDT" name="TestOrangeHRM" data-provider="excelData" finished-at="2023-10-18T14:51:00 EDT" duration-ms="71236" status="FAIL">
          <params>
            <param index="0">
              <value>
                <![CDATA[Mary]]>
              </value>
            </param>
            <param index="1">
              <value>
                <![CDATA[Ann]]>
              </value>
            </param>
            <param index="2">
              <value>
                <![CDATA[mary2022]]>
              </value>
            </param>
            <param index="3">
              <value>
                <![CDATA[Secret@123]]>
              </value>
            </param>
          </params>
          <exception class="java.lang.AssertionError">
            <message>
              <![CDATA[0168 expected:<0168> but was:< Name is not mach.>]]>
            </message>
            <full-stacktrace>
              <![CDATA[java.lang.AssertionError: 0168 expected:<0168> but was:< Name is not mach.>
at org.testng.AssertJUnit.assertEquals(AssertJUnit.java:115)
at com.neotech.testcases.PracticeAddEmployee.TestOrangeHRM(PracticeAddEmployee.java:43)
at java.base/jdk.internal.reflect.NativeMethodAccessorImpl.invoke0(Native Method)
at java.base/jdk.internal.reflect.NativeMethodAccessorImpl.invoke(NativeMethodAccessorImpl.java:77)
at java.base/jdk.internal.reflect.DelegatingMethodAccessorImpl.invoke(DelegatingMethodAccessorImpl.java:43)
at java.base/java.lang.reflect.Method.invoke(Method.java:568)
at org.testng.internal.invokers.MethodInvocationHelper.invokeMethod(MethodInvocationHelper.java:139)
at org.testng.internal.invokers.TestInvoker.invokeMethod(TestInvoker.java:664)
at org.testng.internal.invokers.TestInvoker.invokeTestMethod(TestInvoker.java:227)
at org.testng.internal.invokers.MethodRunner.runInSequence(MethodRunner.java:50)
at org.testng.internal.invokers.TestInvoker$MethodInvocationAgent.invoke(TestInvoker.java:957)
at org.testng.internal.invokers.TestInvoker.invokeTestMethods(TestInvoker.java:200)
at org.testng.internal.invokers.TestMethodWorker.invokeTestMethods(TestMethodWorker.java:148)
at org.testng.internal.invokers.TestMethodWorker.run(TestMethodWorker.java:128)
at java.base/java.util.ArrayList.forEach(ArrayList.java:1511)
at org.testng.TestRunner.privateRun(TestRunner.java:848)
at org.testng.TestRunner.run(TestRunner.java:621)
at org.testng.SuiteRunner.runTest(SuiteRunner.java:443)
at org.testng.SuiteRunner.runSequentially(SuiteRunner.java:437)
at org.testng.SuiteRunner.privateRun(SuiteRunner.java:397)
at org.testng.SuiteRunner.run(SuiteRunner.java:336)
at org.testng.SuiteRunnerWorker.runSuite(SuiteRunnerWorker.java:52)
at org.testng.SuiteRunnerWorker.run(SuiteRunnerWorker.java:95)
at org.testng.TestNG.runSuitesSequentially(TestNG.java:1280)
at org.testng.TestNG.runSuitesLocally(TestNG.java:1200)
at org.testng.TestNG.runSuites(TestNG.java:1114)
at org.testng.TestNG.run(TestNG.java:1082)
at org.testng.remote.AbstractRemoteTestNG.run(AbstractRemoteTestNG.java:115)
at org.testng.remote.RemoteTestNG.initAndRun(RemoteTestNG.java:251)
at org.testng.remote.RemoteTestNG.main(RemoteTestNG.java:77)
]]>
            </full-stacktrace>
          </exception> <!-- java.lang.AssertionError -->
          <reporter-output>
          </reporter-output>
        </test-method> <!-- TestOrangeHRM -->
        <test-method is-config="true" signature="tearDown()[pri:0, instance:com.neotech.testcases.PracticeAddEmployee@5827af16]" started-at="2023-10-18T14:51:00 EDT" name="tearDown" finished-at="2023-10-18T14:51:00 EDT" duration-ms="111" status="PASS">
          <reporter-output>
          </reporter-output>
        </test-method> <!-- tearDown -->
        <test-method is-config="true" signature="setUp()[pri:0, instance:com.neotech.testcases.PracticeAddEmployee@5827af16]" started-at="2023-10-18T14:51:00 EDT" name="setUp" finished-at="2023-10-18T14:51:09 EDT" duration-ms="9312" status="PASS">
          <reporter-output>
          </reporter-output>
        </test-method> <!-- setUp -->
        <test-method signature="TestOrangeHRM(java.lang.String,java.lang.String,java.lang.String,java.lang.String)[pri:0, instance:com.neotech.testcases.PracticeAddEmployee@5827af16]" started-at="2023-10-18T14:51:09 EDT" name="TestOrangeHRM" data-provider="excelData" finished-at="2023-10-18T14:52:21 EDT" duration-ms="72233" status="FAIL">
          <params>
            <param index="0">
              <value>
                <![CDATA[David]]>
              </value>
            </param>
            <param index="1">
              <value>
                <![CDATA[Brown]]>
              </value>
            </param>
            <param index="2">
              <value>
                <![CDATA[david2022]]>
              </value>
            </param>
            <param index="3">
              <value>
                <![CDATA[Secret@123]]>
              </value>
            </param>
          </params>
          <exception class="java.lang.AssertionError">
            <message>
              <![CDATA[0168 expected:<0168> but was:< Name is not mach.>]]>
            </message>
            <full-stacktrace>
              <![CDATA[java.lang.AssertionError: 0168 expected:<0168> but was:< Name is not mach.>
at org.testng.AssertJUnit.assertEquals(AssertJUnit.java:115)
at com.neotech.testcases.PracticeAddEmployee.TestOrangeHRM(PracticeAddEmployee.java:43)
at java.base/jdk.internal.reflect.NativeMethodAccessorImpl.invoke0(Native Method)
at java.base/jdk.internal.reflect.NativeMethodAccessorImpl.invoke(NativeMethodAccessorImpl.java:77)
at java.base/jdk.internal.reflect.DelegatingMethodAccessorImpl.invoke(DelegatingMethodAccessorImpl.java:43)
at java.base/java.lang.reflect.Method.invoke(Method.java:568)
at org.testng.internal.invokers.MethodInvocationHelper.invokeMethod(MethodInvocationHelper.java:139)
at org.testng.internal.invokers.TestInvoker.invokeMethod(TestInvoker.java:664)
at org.testng.internal.invokers.TestInvoker.invokeTestMethod(TestInvoker.java:227)
at org.testng.internal.invokers.MethodRunner.runInSequence(MethodRunner.java:50)
at org.testng.internal.invokers.TestInvoker$MethodInvocationAgent.invoke(TestInvoker.java:957)
at org.testng.internal.invokers.TestInvoker.invokeTestMethods(TestInvoker.java:200)
at org.testng.internal.invokers.TestMethodWorker.invokeTestMethods(TestMethodWorker.java:148)
at org.testng.internal.invokers.TestMethodWorker.run(TestMethodWorker.java:128)
at java.base/java.util.ArrayList.forEach(ArrayList.java:1511)
at org.testng.TestRunner.privateRun(TestRunner.java:848)
at org.testng.TestRunner.run(TestRunner.java:621)
at org.testng.SuiteRunner.runTest(SuiteRunner.java:443)
at org.testng.SuiteRunner.runSequentially(SuiteRunner.java:437)
at org.testng.SuiteRunner.privateRun(SuiteRunner.java:397)
at org.testng.SuiteRunner.run(SuiteRunner.java:336)
at org.testng.SuiteRunnerWorker.runSuite(SuiteRunnerWorker.java:52)
at org.testng.SuiteRunnerWorker.run(SuiteRunnerWorker.java:95)
at org.testng.TestNG.runSuitesSequentially(TestNG.java:1280)
at org.testng.TestNG.runSuitesLocally(TestNG.java:1200)
at org.testng.TestNG.runSuites(TestNG.java:1114)
at org.testng.TestNG.run(TestNG.java:1082)
at org.testng.remote.AbstractRemoteTestNG.run(AbstractRemoteTestNG.java:115)
at org.testng.remote.RemoteTestNG.initAndRun(RemoteTestNG.java:251)
at org.testng.remote.RemoteTestNG.main(RemoteTestNG.java:77)
]]>
            </full-stacktrace>
          </exception> <!-- java.lang.AssertionError -->
          <reporter-output>
          </reporter-output>
        </test-method> <!-- TestOrangeHRM -->
        <test-method is-config="true" signature="tearDown()[pri:0, instance:com.neotech.testcases.PracticeAddEmployee@5827af16]" started-at="2023-10-18T14:52:21 EDT" name="tearDown" finished-at="2023-10-18T14:52:22 EDT" duration-ms="99" status="PASS">
          <reporter-output>
          </reporter-output>
        </test-method> <!-- tearDown -->
        <test-method is-config="true" signature="writeReport()[pri:0, instance:com.neotech.testcases.PracticeAddEmployee@5827af16]" started-at="2023-10-18T14:52:22 EDT" name="writeReport" finished-at="2023-10-18T14:52:22 EDT" duration-ms="417" status="PASS">
          <reporter-output>
          </reporter-output>
        </test-method> <!-- writeReport -->
      </class> <!-- com.neotech.testcases.PracticeAddEmployee -->
    </test> <!-- Test Practice -->
  </suite> <!-- Suite Practice -->
</testng-results>
